{"C:\\Users\\BrianArayathel\\Programming\\Training\\CollegeBoard\\2170_serverless_nerd\\examples\\week_1\\node_testing\\ecommerce.js": {"path":"C:\\Users\\BrianArayathel\\Programming\\Training\\CollegeBoard\\2170_serverless_nerd\\examples\\week_1\\node_testing\\ecommerce.js","statementMap":{"0":{"start":{"line":2,"column":23},"end":{"line":2,"column":79}},"1":{"start":{"line":2,"column":57},"end":{"line":2,"column":75}},"2":{"start":{"line":3,"column":4},"end":{"line":3,"column":22}},"3":{"start":{"line":7,"column":21},"end":{"line":7,"column":46}},"4":{"start":{"line":9,"column":4},"end":{"line":9,"column":43}},"5":{"start":{"line":12,"column":0},"end":{"line":12,"column":53}}},"fnMap":{"0":{"name":"calculateTotal","decl":{"start":{"line":1,"column":9},"end":{"line":1,"column":23}},"loc":{"start":{"line":1,"column":34},"end":{"line":4,"column":1}},"line":1},"1":{"name":"(anonymous_1)","decl":{"start":{"line":2,"column":40},"end":{"line":2,"column":41}},"loc":{"start":{"line":2,"column":57},"end":{"line":2,"column":75}},"line":2},"2":{"name":"createCartMessage","decl":{"start":{"line":6,"column":9},"end":{"line":6,"column":26}},"loc":{"start":{"line":6,"column":53},"end":{"line":10,"column":1}},"line":6}},"branchMap":{},"s":{"0":0,"1":0,"2":0,"3":1,"4":1,"5":1},"f":{"0":0,"1":0,"2":1},"b":{},"_coverageSchema":"1a1c01bbd47fc00a2c39e90264f33305004495a9","hash":"5b63b426c6918b553338e3fa73314311023b1931"}
,"C:\\Users\\BrianArayathel\\Programming\\Training\\CollegeBoard\\2170_serverless_nerd\\examples\\week_1\\node_testing\\mathOperations.js": {"path":"C:\\Users\\BrianArayathel\\Programming\\Training\\CollegeBoard\\2170_serverless_nerd\\examples\\week_1\\node_testing\\mathOperations.js","statementMap":{"0":{"start":{"line":1,"column":23},"end":{"line":5,"column":1}},"1":{"start":{"line":2,"column":19},"end":{"line":2,"column":24}},"2":{"start":{"line":3,"column":20},"end":{"line":3,"column":25}},"3":{"start":{"line":4,"column":20},"end":{"line":4,"column":25}},"4":{"start":{"line":7,"column":0},"end":{"line":7,"column":32}}},"fnMap":{"0":{"name":"(anonymous_0)","decl":{"start":{"line":2,"column":9},"end":{"line":2,"column":10}},"loc":{"start":{"line":2,"column":19},"end":{"line":2,"column":24}},"line":2},"1":{"name":"(anonymous_1)","decl":{"start":{"line":3,"column":10},"end":{"line":3,"column":11}},"loc":{"start":{"line":3,"column":20},"end":{"line":3,"column":25}},"line":3},"2":{"name":"(anonymous_2)","decl":{"start":{"line":4,"column":10},"end":{"line":4,"column":11}},"loc":{"start":{"line":4,"column":20},"end":{"line":4,"column":25}},"line":4}},"branchMap":{},"s":{"0":2,"1":3,"2":1,"3":0,"4":2},"f":{"0":3,"1":1,"2":0},"b":{},"_coverageSchema":"1a1c01bbd47fc00a2c39e90264f33305004495a9","hash":"39cde1adaa423dfd8dbc8af198910c4dde9ebceb"}
}
